<?xml version="1.0" encoding="UTF-8"?>
<testsuite xmlns:xsi="http://www.w3.org/2001/XMLSchema-instance" xsi:noNamespaceSchemaLocation="https://maven.apache.org/surefire/maven-surefire-plugin/xsd/surefire-test-report-3.0.xsd" version="3.0" name="tek.sdet.framework.runner.TestRunner" time="20.471" tests="1" errors="0" skipped="0" failures="0">
  <properties>
    <property name="java.specification.version" value="17"/>
    <property name="sun.jnu.encoding" value="UTF-8"/>
    <property name="java.class.path" value="/Users/meriemehabibena/git/repository2/tek-bdd-framework/target/test-classes:/Users/meriemehabibena/git/repository2/tek-bdd-framework/target/classes:/Users/meriemehabibena/.m2/repository/io/cucumber/cucumber-java/7.8.0/cucumber-java-7.8.0.jar:/Users/meriemehabibena/.m2/repository/io/cucumber/cucumber-core/7.8.0/cucumber-core-7.8.0.jar:/Users/meriemehabibena/.m2/repository/io/cucumber/cucumber-gherkin/7.8.0/cucumber-gherkin-7.8.0.jar:/Users/meriemehabibena/.m2/repository/io/cucumber/cucumber-gherkin-messages/7.8.0/cucumber-gherkin-messages-7.8.0.jar:/Users/meriemehabibena/.m2/repository/io/cucumber/gherkin/24.0.0/gherkin-24.0.0.jar:/Users/meriemehabibena/.m2/repository/io/cucumber/messages/19.1.2/messages-19.1.2.jar:/Users/meriemehabibena/.m2/repository/io/cucumber/tag-expressions/4.1.0/tag-expressions-4.1.0.jar:/Users/meriemehabibena/.m2/repository/io/cucumber/cucumber-expressions/16.0.0/cucumber-expressions-16.0.0.jar:/Users/meriemehabibena/.m2/repository/io/cucumber/datatable/7.8.0/datatable-7.8.0.jar:/Users/meriemehabibena/.m2/repository/io/cucumber/cucumber-plugin/7.8.0/cucumber-plugin-7.8.0.jar:/Users/meriemehabibena/.m2/repository/io/cucumber/docstring/7.8.0/docstring-7.8.0.jar:/Users/meriemehabibena/.m2/repository/io/cucumber/html-formatter/20.1.0/html-formatter-20.1.0.jar:/Users/meriemehabibena/.m2/repository/io/cucumber/ci-environment/9.1.0/ci-environment-9.1.0.jar:/Users/meriemehabibena/.m2/repository/org/apiguardian/apiguardian-api/1.1.2/apiguardian-api-1.1.2.jar:/Users/meriemehabibena/.m2/repository/io/cucumber/cucumber-junit/7.11.1/cucumber-junit-7.11.1.jar:/Users/meriemehabibena/.m2/repository/org/seleniumhq/selenium/selenium-java/4.8.1/selenium-java-4.8.1.jar:/Users/meriemehabibena/.m2/repository/org/seleniumhq/selenium/selenium-api/4.8.1/selenium-api-4.8.1.jar:/Users/meriemehabibena/.m2/repository/org/seleniumhq/selenium/selenium-chrome-driver/4.8.1/selenium-chrome-driver-4.8.1.jar:/Users/meriemehabibena/.m2/repository/com/google/auto/service/auto-service-annotations/1.0.1/auto-service-annotations-1.0.1.jar:/Users/meriemehabibena/.m2/repository/com/google/auto/service/auto-service/1.0.1/auto-service-1.0.1.jar:/Users/meriemehabibena/.m2/repository/com/google/auto/auto-common/1.2/auto-common-1.2.jar:/Users/meriemehabibena/.m2/repository/com/google/guava/guava/31.1-jre/guava-31.1-jre.jar:/Users/meriemehabibena/.m2/repository/com/google/guava/failureaccess/1.0.1/failureaccess-1.0.1.jar:/Users/meriemehabibena/.m2/repository/com/google/guava/listenablefuture/9999.0-empty-to-avoid-conflict-with-guava/listenablefuture-9999.0-empty-to-avoid-conflict-with-guava.jar:/Users/meriemehabibena/.m2/repository/com/google/code/findbugs/jsr305/3.0.2/jsr305-3.0.2.jar:/Users/meriemehabibena/.m2/repository/org/checkerframework/checker-qual/3.12.0/checker-qual-3.12.0.jar:/Users/meriemehabibena/.m2/repository/com/google/errorprone/error_prone_annotations/2.11.0/error_prone_annotations-2.11.0.jar:/Users/meriemehabibena/.m2/repository/com/google/j2objc/j2objc-annotations/1.3/j2objc-annotations-1.3.jar:/Users/meriemehabibena/.m2/repository/org/seleniumhq/selenium/selenium-chromium-driver/4.8.1/selenium-chromium-driver-4.8.1.jar:/Users/meriemehabibena/.m2/repository/org/seleniumhq/selenium/selenium-json/4.8.1/selenium-json-4.8.1.jar:/Users/meriemehabibena/.m2/repository/org/seleniumhq/selenium/selenium-devtools-v108/4.8.1/selenium-devtools-v108-4.8.1.jar:/Users/meriemehabibena/.m2/repository/org/seleniumhq/selenium/selenium-devtools-v109/4.8.1/selenium-devtools-v109-4.8.1.jar:/Users/meriemehabibena/.m2/repository/org/seleniumhq/selenium/selenium-devtools-v110/4.8.1/selenium-devtools-v110-4.8.1.jar:/Users/meriemehabibena/.m2/repository/org/seleniumhq/selenium/selenium-devtools-v85/4.8.1/selenium-devtools-v85-4.8.1.jar:/Users/meriemehabibena/.m2/repository/org/seleniumhq/selenium/selenium-edge-driver/4.8.1/selenium-edge-driver-4.8.1.jar:/Users/meriemehabibena/.m2/repository/org/seleniumhq/selenium/selenium-firefox-driver/4.8.1/selenium-firefox-driver-4.8.1.jar:/Users/meriemehabibena/.m2/repository/org/seleniumhq/selenium/selenium-http/4.8.1/selenium-http-4.8.1.jar:/Users/meriemehabibena/.m2/repository/dev/failsafe/failsafe/3.3.0/failsafe-3.3.0.jar:/Users/meriemehabibena/.m2/repository/org/seleniumhq/selenium/selenium-ie-driver/4.8.1/selenium-ie-driver-4.8.1.jar:/Users/meriemehabibena/.m2/repository/org/seleniumhq/selenium/selenium-remote-driver/4.8.1/selenium-remote-driver-4.8.1.jar:/Users/meriemehabibena/.m2/repository/com/beust/jcommander/1.82/jcommander-1.82.jar:/Users/meriemehabibena/.m2/repository/io/netty/netty-buffer/4.1.87.Final/netty-buffer-4.1.87.Final.jar:/Users/meriemehabibena/.m2/repository/io/netty/netty-codec-http/4.1.87.Final/netty-codec-http-4.1.87.Final.jar:/Users/meriemehabibena/.m2/repository/io/netty/netty-codec/4.1.87.Final/netty-codec-4.1.87.Final.jar:/Users/meriemehabibena/.m2/repository/io/netty/netty-handler/4.1.87.Final/netty-handler-4.1.87.Final.jar:/Users/meriemehabibena/.m2/repository/io/netty/netty-common/4.1.87.Final/netty-common-4.1.87.Final.jar:/Users/meriemehabibena/.m2/repository/io/netty/netty-transport-classes-epoll/4.1.87.Final/netty-transport-classes-epoll-4.1.87.Final.jar:/Users/meriemehabibena/.m2/repository/io/netty/netty-transport-classes-kqueue/4.1.87.Final/netty-transport-classes-kqueue-4.1.87.Final.jar:/Users/meriemehabibena/.m2/repository/io/netty/netty-transport-native-epoll/4.1.87.Final/netty-transport-native-epoll-4.1.87.Final.jar:/Users/meriemehabibena/.m2/repository/io/netty/netty-transport-native-kqueue/4.1.87.Final/netty-transport-native-kqueue-4.1.87.Final.jar:/Users/meriemehabibena/.m2/repository/io/netty/netty-transport-native-unix-common/4.1.87.Final/netty-transport-native-unix-common-4.1.87.Final.jar:/Users/meriemehabibena/.m2/repository/io/netty/netty-transport/4.1.87.Final/netty-transport-4.1.87.Final.jar:/Users/meriemehabibena/.m2/repository/io/netty/netty-resolver/4.1.87.Final/netty-resolver-4.1.87.Final.jar:/Users/meriemehabibena/.m2/repository/io/opentelemetry/opentelemetry-api/1.22.0/opentelemetry-api-1.22.0.jar:/Users/meriemehabibena/.m2/repository/io/opentelemetry/opentelemetry-context/1.22.0/opentelemetry-context-1.22.0.jar:/Users/meriemehabibena/.m2/repository/io/opentelemetry/opentelemetry-exporter-logging/1.22.0/opentelemetry-exporter-logging-1.22.0.jar:/Users/meriemehabibena/.m2/repository/io/opentelemetry/opentelemetry-sdk-metrics/1.22.0/opentelemetry-sdk-metrics-1.22.0.jar:/Users/meriemehabibena/.m2/repository/io/opentelemetry/opentelemetry-sdk-logs/1.22.0-alpha/opentelemetry-sdk-logs-1.22.0-alpha.jar:/Users/meriemehabibena/.m2/repository/io/opentelemetry/opentelemetry-api-logs/1.22.0-alpha/opentelemetry-api-logs-1.22.0-alpha.jar:/Users/meriemehabibena/.m2/repository/io/opentelemetry/opentelemetry-sdk-common/1.22.0/opentelemetry-sdk-common-1.22.0.jar:/Users/meriemehabibena/.m2/repository/io/opentelemetry/opentelemetry-sdk-extension-autoconfigure-spi/1.22.0/opentelemetry-sdk-extension-autoconfigure-spi-1.22.0.jar:/Users/meriemehabibena/.m2/repository/io/opentelemetry/opentelemetry-sdk-extension-autoconfigure/1.22.0-alpha/opentelemetry-sdk-extension-autoconfigure-1.22.0-alpha.jar:/Users/meriemehabibena/.m2/repository/io/opentelemetry/opentelemetry-sdk-trace/1.22.0/opentelemetry-sdk-trace-1.22.0.jar:/Users/meriemehabibena/.m2/repository/io/opentelemetry/opentelemetry-sdk/1.22.0/opentelemetry-sdk-1.22.0.jar:/Users/meriemehabibena/.m2/repository/io/opentelemetry/opentelemetry-semconv/1.22.0-alpha/opentelemetry-semconv-1.22.0-alpha.jar:/Users/meriemehabibena/.m2/repository/io/ous/jtoml/2.0.0/jtoml-2.0.0.jar:/Users/meriemehabibena/.m2/repository/net/bytebuddy/byte-buddy/1.12.22/byte-buddy-1.12.22.jar:/Users/meriemehabibena/.m2/repository/org/apache/commons/commons-exec/1.3/commons-exec-1.3.jar:/Users/meriemehabibena/.m2/repository/org/asynchttpclient/async-http-client/2.12.3/async-http-client-2.12.3.jar:/Users/meriemehabibena/.m2/repository/org/asynchttpclient/async-http-client-netty-utils/2.12.3/async-http-client-netty-utils-2.12.3.jar:/Users/meriemehabibena/.m2/repository/io/netty/netty-codec-socks/4.1.60.Final/netty-codec-socks-4.1.60.Final.jar:/Users/meriemehabibena/.m2/repository/io/netty/netty-handler-proxy/4.1.60.Final/netty-handler-proxy-4.1.60.Final.jar:/Users/meriemehabibena/.m2/repository/io/netty/netty-transport-native-epoll/4.1.60.Final/netty-transport-native-epoll-4.1.60.Final-linux-x86_64.jar:/Users/meriemehabibena/.m2/repository/io/netty/netty-transport-native-kqueue/4.1.60.Final/netty-transport-native-kqueue-4.1.60.Final-osx-x86_64.jar:/Users/meriemehabibena/.m2/repository/org/reactivestreams/reactive-streams/1.0.3/reactive-streams-1.0.3.jar:/Users/meriemehabibena/.m2/repository/com/typesafe/netty/netty-reactive-streams/2.0.4/netty-reactive-streams-2.0.4.jar:/Users/meriemehabibena/.m2/repository/com/sun/activation/jakarta.activation/1.2.2/jakarta.activation-1.2.2.jar:/Users/meriemehabibena/.m2/repository/org/seleniumhq/selenium/selenium-manager/4.8.1/selenium-manager-4.8.1.jar:/Users/meriemehabibena/.m2/repository/org/seleniumhq/selenium/selenium-safari-driver/4.8.1/selenium-safari-driver-4.8.1.jar:/Users/meriemehabibena/.m2/repository/org/seleniumhq/selenium/selenium-support/4.8.1/selenium-support-4.8.1.jar:/Users/meriemehabibena/.m2/repository/io/github/bonigarcia/webdrivermanager/5.3.2/webdrivermanager-5.3.2.jar:/Users/meriemehabibena/.m2/repository/org/slf4j/slf4j-api/2.0.6/slf4j-api-2.0.6.jar:/Users/meriemehabibena/.m2/repository/com/google/code/gson/gson/2.10.1/gson-2.10.1.jar:/Users/meriemehabibena/.m2/repository/com/github/docker-java/docker-java/3.2.14/docker-java-3.2.14.jar:/Users/meriemehabibena/.m2/repository/com/github/docker-java/docker-java-core/3.2.14/docker-java-core-3.2.14.jar:/Users/meriemehabibena/.m2/repository/com/github/docker-java/docker-java-api/3.2.14/docker-java-api-3.2.14.jar:/Users/meriemehabibena/.m2/repository/com/fasterxml/jackson/core/jackson-annotations/2.10.3/jackson-annotations-2.10.3.jar:/Users/meriemehabibena/.m2/repository/com/fasterxml/jackson/core/jackson-databind/2.10.3/jackson-databind-2.10.3.jar:/Users/meriemehabibena/.m2/repository/com/fasterxml/jackson/core/jackson-core/2.10.3/jackson-core-2.10.3.jar:/Users/meriemehabibena/.m2/repository/org/bouncycastle/bcpkix-jdk15on/1.64/bcpkix-jdk15on-1.64.jar:/Users/meriemehabibena/.m2/repository/org/bouncycastle/bcprov-jdk15on/1.64/bcprov-jdk15on-1.64.jar:/Users/meriemehabibena/.m2/repository/org/slf4j/jcl-over-slf4j/1.7.30/jcl-over-slf4j-1.7.30.jar:/Users/meriemehabibena/.m2/repository/com/github/docker-java/docker-java-transport-httpclient5/3.2.14/docker-java-transport-httpclient5-3.2.14.jar:/Users/meriemehabibena/.m2/repository/com/github/docker-java/docker-java-transport/3.2.14/docker-java-transport-3.2.14.jar:/Users/meriemehabibena/.m2/repository/net/java/dev/jna/jna/5.12.1/jna-5.12.1.jar:/Users/meriemehabibena/.m2/repository/org/brotli/dec/0.1.2/dec-0.1.2.jar:/Users/meriemehabibena/.m2/repository/org/apache/commons/commons-lang3/3.12.0/commons-lang3-3.12.0.jar:/Users/meriemehabibena/.m2/repository/org/apache/httpcomponents/client5/httpclient5/5.2.1/httpclient5-5.2.1.jar:/Users/meriemehabibena/.m2/repository/org/apache/httpcomponents/core5/httpcore5/5.2/httpcore5-5.2.jar:/Users/meriemehabibena/.m2/repository/org/apache/httpcomponents/core5/httpcore5-h2/5.2/httpcore5-h2-5.2.jar:/Users/meriemehabibena/.m2/repository/org/apache/poi/poi/5.2.3/poi-5.2.3.jar:/Users/meriemehabibena/.m2/repository/commons-codec/commons-codec/1.15/commons-codec-1.15.jar:/Users/meriemehabibena/.m2/repository/org/apache/commons/commons-collections4/4.4/commons-collections4-4.4.jar:/Users/meriemehabibena/.m2/repository/org/apache/commons/commons-math3/3.6.1/commons-math3-3.6.1.jar:/Users/meriemehabibena/.m2/repository/com/zaxxer/SparseBitSet/1.2/SparseBitSet-1.2.jar:/Users/meriemehabibena/.m2/repository/org/apache/logging/log4j/log4j-api/2.18.0/log4j-api-2.18.0.jar:/Users/meriemehabibena/.m2/repository/junit/junit/4.13.2/junit-4.13.2.jar:/Users/meriemehabibena/.m2/repository/org/hamcrest/hamcrest-core/1.3/hamcrest-core-1.3.jar:/Users/meriemehabibena/.m2/repository/org/apache/poi/poi-ooxml/5.2.3/poi-ooxml-5.2.3.jar:/Users/meriemehabibena/.m2/repository/org/apache/poi/poi-ooxml-lite/5.2.3/poi-ooxml-lite-5.2.3.jar:/Users/meriemehabibena/.m2/repository/org/apache/xmlbeans/xmlbeans/5.1.1/xmlbeans-5.1.1.jar:/Users/meriemehabibena/.m2/repository/org/apache/commons/commons-compress/1.21/commons-compress-1.21.jar:/Users/meriemehabibena/.m2/repository/com/github/virtuald/curvesapi/1.07/curvesapi-1.07.jar:/Users/meriemehabibena/.m2/repository/mysql/mysql-connector-java/8.0.30/mysql-connector-java-8.0.30.jar:/Users/meriemehabibena/.m2/repository/com/google/protobuf/protobuf-java/3.19.4/protobuf-java-3.19.4.jar:/Users/meriemehabibena/.m2/repository/commons-io/commons-io/2.11.0/commons-io-2.11.0.jar:/Users/meriemehabibena/.m2/repository/org/yaml/snakeyaml/1.33/snakeyaml-1.33.jar:/Users/meriemehabibena/.m2/repository/log4j/log4j/1.2.17/log4j-1.2.17.jar:/Users/meriemehabibena/.m2/repository/net/datafaker/datafaker/1.8.0/datafaker-1.8.0.jar:/Users/meriemehabibena/.m2/repository/com/github/mifmif/generex/1.0.2/generex-1.0.2.jar:/Users/meriemehabibena/.m2/repository/dk/brics/automaton/automaton/1.11-8/automaton-1.11-8.jar:"/>
    <property name="java.vm.vendor" value="Eclipse Adoptium"/>
    <property name="sun.arch.data.model" value="64"/>
    <property name="java.vendor.url" value="https://adoptium.net/"/>
    <property name="os.name" value="Mac OS X"/>
    <property name="java.vm.specification.version" value="17"/>
    <property name="sun.java.launcher" value="SUN_STANDARD"/>
    <property name="user.country" value="US"/>
    <property name="sun.boot.library.path" value="/Users/meriemehabibena/.p2/pool/plugins/org.eclipse.justj.openjdk.hotspot.jre.full.macosx.x86_64_17.0.4.v20221004-1257/jre/lib"/>
    <property name="sun.java.command" value="/Users/meriemehabibena/git/repository2/tek-bdd-framework/target/surefire/surefirebooter-20230314155125054_3.jar /Users/meriemehabibena/git/repository2/tek-bdd-framework/target/surefire 2023-03-14T15-51-24_716-jvmRun1 surefire-20230314155125054_1tmp surefire_0-20230314155125054_2tmp"/>
    <property name="http.nonProxyHosts" value="local|*.local|169.254/16|*.169.254/16"/>
    <property name="jdk.debug" value="release"/>
    <property name="surefire.test.class.path" value="/Users/meriemehabibena/git/repository2/tek-bdd-framework/target/test-classes:/Users/meriemehabibena/git/repository2/tek-bdd-framework/target/classes:/Users/meriemehabibena/.m2/repository/io/cucumber/cucumber-java/7.8.0/cucumber-java-7.8.0.jar:/Users/meriemehabibena/.m2/repository/io/cucumber/cucumber-core/7.8.0/cucumber-core-7.8.0.jar:/Users/meriemehabibena/.m2/repository/io/cucumber/cucumber-gherkin/7.8.0/cucumber-gherkin-7.8.0.jar:/Users/meriemehabibena/.m2/repository/io/cucumber/cucumber-gherkin-messages/7.8.0/cucumber-gherkin-messages-7.8.0.jar:/Users/meriemehabibena/.m2/repository/io/cucumber/gherkin/24.0.0/gherkin-24.0.0.jar:/Users/meriemehabibena/.m2/repository/io/cucumber/messages/19.1.2/messages-19.1.2.jar:/Users/meriemehabibena/.m2/repository/io/cucumber/tag-expressions/4.1.0/tag-expressions-4.1.0.jar:/Users/meriemehabibena/.m2/repository/io/cucumber/cucumber-expressions/16.0.0/cucumber-expressions-16.0.0.jar:/Users/meriemehabibena/.m2/repository/io/cucumber/datatable/7.8.0/datatable-7.8.0.jar:/Users/meriemehabibena/.m2/repository/io/cucumber/cucumber-plugin/7.8.0/cucumber-plugin-7.8.0.jar:/Users/meriemehabibena/.m2/repository/io/cucumber/docstring/7.8.0/docstring-7.8.0.jar:/Users/meriemehabibena/.m2/repository/io/cucumber/html-formatter/20.1.0/html-formatter-20.1.0.jar:/Users/meriemehabibena/.m2/repository/io/cucumber/ci-environment/9.1.0/ci-environment-9.1.0.jar:/Users/meriemehabibena/.m2/repository/org/apiguardian/apiguardian-api/1.1.2/apiguardian-api-1.1.2.jar:/Users/meriemehabibena/.m2/repository/io/cucumber/cucumber-junit/7.11.1/cucumber-junit-7.11.1.jar:/Users/meriemehabibena/.m2/repository/org/seleniumhq/selenium/selenium-java/4.8.1/selenium-java-4.8.1.jar:/Users/meriemehabibena/.m2/repository/org/seleniumhq/selenium/selenium-api/4.8.1/selenium-api-4.8.1.jar:/Users/meriemehabibena/.m2/repository/org/seleniumhq/selenium/selenium-chrome-driver/4.8.1/selenium-chrome-driver-4.8.1.jar:/Users/meriemehabibena/.m2/repository/com/google/auto/service/auto-service-annotations/1.0.1/auto-service-annotations-1.0.1.jar:/Users/meriemehabibena/.m2/repository/com/google/auto/service/auto-service/1.0.1/auto-service-1.0.1.jar:/Users/meriemehabibena/.m2/repository/com/google/auto/auto-common/1.2/auto-common-1.2.jar:/Users/meriemehabibena/.m2/repository/com/google/guava/guava/31.1-jre/guava-31.1-jre.jar:/Users/meriemehabibena/.m2/repository/com/google/guava/failureaccess/1.0.1/failureaccess-1.0.1.jar:/Users/meriemehabibena/.m2/repository/com/google/guava/listenablefuture/9999.0-empty-to-avoid-conflict-with-guava/listenablefuture-9999.0-empty-to-avoid-conflict-with-guava.jar:/Users/meriemehabibena/.m2/repository/com/google/code/findbugs/jsr305/3.0.2/jsr305-3.0.2.jar:/Users/meriemehabibena/.m2/repository/org/checkerframework/checker-qual/3.12.0/checker-qual-3.12.0.jar:/Users/meriemehabibena/.m2/repository/com/google/errorprone/error_prone_annotations/2.11.0/error_prone_annotations-2.11.0.jar:/Users/meriemehabibena/.m2/repository/com/google/j2objc/j2objc-annotations/1.3/j2objc-annotations-1.3.jar:/Users/meriemehabibena/.m2/repository/org/seleniumhq/selenium/selenium-chromium-driver/4.8.1/selenium-chromium-driver-4.8.1.jar:/Users/meriemehabibena/.m2/repository/org/seleniumhq/selenium/selenium-json/4.8.1/selenium-json-4.8.1.jar:/Users/meriemehabibena/.m2/repository/org/seleniumhq/selenium/selenium-devtools-v108/4.8.1/selenium-devtools-v108-4.8.1.jar:/Users/meriemehabibena/.m2/repository/org/seleniumhq/selenium/selenium-devtools-v109/4.8.1/selenium-devtools-v109-4.8.1.jar:/Users/meriemehabibena/.m2/repository/org/seleniumhq/selenium/selenium-devtools-v110/4.8.1/selenium-devtools-v110-4.8.1.jar:/Users/meriemehabibena/.m2/repository/org/seleniumhq/selenium/selenium-devtools-v85/4.8.1/selenium-devtools-v85-4.8.1.jar:/Users/meriemehabibena/.m2/repository/org/seleniumhq/selenium/selenium-edge-driver/4.8.1/selenium-edge-driver-4.8.1.jar:/Users/meriemehabibena/.m2/repository/org/seleniumhq/selenium/selenium-firefox-driver/4.8.1/selenium-firefox-driver-4.8.1.jar:/Users/meriemehabibena/.m2/repository/org/seleniumhq/selenium/selenium-http/4.8.1/selenium-http-4.8.1.jar:/Users/meriemehabibena/.m2/repository/dev/failsafe/failsafe/3.3.0/failsafe-3.3.0.jar:/Users/meriemehabibena/.m2/repository/org/seleniumhq/selenium/selenium-ie-driver/4.8.1/selenium-ie-driver-4.8.1.jar:/Users/meriemehabibena/.m2/repository/org/seleniumhq/selenium/selenium-remote-driver/4.8.1/selenium-remote-driver-4.8.1.jar:/Users/meriemehabibena/.m2/repository/com/beust/jcommander/1.82/jcommander-1.82.jar:/Users/meriemehabibena/.m2/repository/io/netty/netty-buffer/4.1.87.Final/netty-buffer-4.1.87.Final.jar:/Users/meriemehabibena/.m2/repository/io/netty/netty-codec-http/4.1.87.Final/netty-codec-http-4.1.87.Final.jar:/Users/meriemehabibena/.m2/repository/io/netty/netty-codec/4.1.87.Final/netty-codec-4.1.87.Final.jar:/Users/meriemehabibena/.m2/repository/io/netty/netty-handler/4.1.87.Final/netty-handler-4.1.87.Final.jar:/Users/meriemehabibena/.m2/repository/io/netty/netty-common/4.1.87.Final/netty-common-4.1.87.Final.jar:/Users/meriemehabibena/.m2/repository/io/netty/netty-transport-classes-epoll/4.1.87.Final/netty-transport-classes-epoll-4.1.87.Final.jar:/Users/meriemehabibena/.m2/repository/io/netty/netty-transport-classes-kqueue/4.1.87.Final/netty-transport-classes-kqueue-4.1.87.Final.jar:/Users/meriemehabibena/.m2/repository/io/netty/netty-transport-native-epoll/4.1.87.Final/netty-transport-native-epoll-4.1.87.Final.jar:/Users/meriemehabibena/.m2/repository/io/netty/netty-transport-native-kqueue/4.1.87.Final/netty-transport-native-kqueue-4.1.87.Final.jar:/Users/meriemehabibena/.m2/repository/io/netty/netty-transport-native-unix-common/4.1.87.Final/netty-transport-native-unix-common-4.1.87.Final.jar:/Users/meriemehabibena/.m2/repository/io/netty/netty-transport/4.1.87.Final/netty-transport-4.1.87.Final.jar:/Users/meriemehabibena/.m2/repository/io/netty/netty-resolver/4.1.87.Final/netty-resolver-4.1.87.Final.jar:/Users/meriemehabibena/.m2/repository/io/opentelemetry/opentelemetry-api/1.22.0/opentelemetry-api-1.22.0.jar:/Users/meriemehabibena/.m2/repository/io/opentelemetry/opentelemetry-context/1.22.0/opentelemetry-context-1.22.0.jar:/Users/meriemehabibena/.m2/repository/io/opentelemetry/opentelemetry-exporter-logging/1.22.0/opentelemetry-exporter-logging-1.22.0.jar:/Users/meriemehabibena/.m2/repository/io/opentelemetry/opentelemetry-sdk-metrics/1.22.0/opentelemetry-sdk-metrics-1.22.0.jar:/Users/meriemehabibena/.m2/repository/io/opentelemetry/opentelemetry-sdk-logs/1.22.0-alpha/opentelemetry-sdk-logs-1.22.0-alpha.jar:/Users/meriemehabibena/.m2/repository/io/opentelemetry/opentelemetry-api-logs/1.22.0-alpha/opentelemetry-api-logs-1.22.0-alpha.jar:/Users/meriemehabibena/.m2/repository/io/opentelemetry/opentelemetry-sdk-common/1.22.0/opentelemetry-sdk-common-1.22.0.jar:/Users/meriemehabibena/.m2/repository/io/opentelemetry/opentelemetry-sdk-extension-autoconfigure-spi/1.22.0/opentelemetry-sdk-extension-autoconfigure-spi-1.22.0.jar:/Users/meriemehabibena/.m2/repository/io/opentelemetry/opentelemetry-sdk-extension-autoconfigure/1.22.0-alpha/opentelemetry-sdk-extension-autoconfigure-1.22.0-alpha.jar:/Users/meriemehabibena/.m2/repository/io/opentelemetry/opentelemetry-sdk-trace/1.22.0/opentelemetry-sdk-trace-1.22.0.jar:/Users/meriemehabibena/.m2/repository/io/opentelemetry/opentelemetry-sdk/1.22.0/opentelemetry-sdk-1.22.0.jar:/Users/meriemehabibena/.m2/repository/io/opentelemetry/opentelemetry-semconv/1.22.0-alpha/opentelemetry-semconv-1.22.0-alpha.jar:/Users/meriemehabibena/.m2/repository/io/ous/jtoml/2.0.0/jtoml-2.0.0.jar:/Users/meriemehabibena/.m2/repository/net/bytebuddy/byte-buddy/1.12.22/byte-buddy-1.12.22.jar:/Users/meriemehabibena/.m2/repository/org/apache/commons/commons-exec/1.3/commons-exec-1.3.jar:/Users/meriemehabibena/.m2/repository/org/asynchttpclient/async-http-client/2.12.3/async-http-client-2.12.3.jar:/Users/meriemehabibena/.m2/repository/org/asynchttpclient/async-http-client-netty-utils/2.12.3/async-http-client-netty-utils-2.12.3.jar:/Users/meriemehabibena/.m2/repository/io/netty/netty-codec-socks/4.1.60.Final/netty-codec-socks-4.1.60.Final.jar:/Users/meriemehabibena/.m2/repository/io/netty/netty-handler-proxy/4.1.60.Final/netty-handler-proxy-4.1.60.Final.jar:/Users/meriemehabibena/.m2/repository/io/netty/netty-transport-native-epoll/4.1.60.Final/netty-transport-native-epoll-4.1.60.Final-linux-x86_64.jar:/Users/meriemehabibena/.m2/repository/io/netty/netty-transport-native-kqueue/4.1.60.Final/netty-transport-native-kqueue-4.1.60.Final-osx-x86_64.jar:/Users/meriemehabibena/.m2/repository/org/reactivestreams/reactive-streams/1.0.3/reactive-streams-1.0.3.jar:/Users/meriemehabibena/.m2/repository/com/typesafe/netty/netty-reactive-streams/2.0.4/netty-reactive-streams-2.0.4.jar:/Users/meriemehabibena/.m2/repository/com/sun/activation/jakarta.activation/1.2.2/jakarta.activation-1.2.2.jar:/Users/meriemehabibena/.m2/repository/org/seleniumhq/selenium/selenium-manager/4.8.1/selenium-manager-4.8.1.jar:/Users/meriemehabibena/.m2/repository/org/seleniumhq/selenium/selenium-safari-driver/4.8.1/selenium-safari-driver-4.8.1.jar:/Users/meriemehabibena/.m2/repository/org/seleniumhq/selenium/selenium-support/4.8.1/selenium-support-4.8.1.jar:/Users/meriemehabibena/.m2/repository/io/github/bonigarcia/webdrivermanager/5.3.2/webdrivermanager-5.3.2.jar:/Users/meriemehabibena/.m2/repository/org/slf4j/slf4j-api/2.0.6/slf4j-api-2.0.6.jar:/Users/meriemehabibena/.m2/repository/com/google/code/gson/gson/2.10.1/gson-2.10.1.jar:/Users/meriemehabibena/.m2/repository/com/github/docker-java/docker-java/3.2.14/docker-java-3.2.14.jar:/Users/meriemehabibena/.m2/repository/com/github/docker-java/docker-java-core/3.2.14/docker-java-core-3.2.14.jar:/Users/meriemehabibena/.m2/repository/com/github/docker-java/docker-java-api/3.2.14/docker-java-api-3.2.14.jar:/Users/meriemehabibena/.m2/repository/com/fasterxml/jackson/core/jackson-annotations/2.10.3/jackson-annotations-2.10.3.jar:/Users/meriemehabibena/.m2/repository/com/fasterxml/jackson/core/jackson-databind/2.10.3/jackson-databind-2.10.3.jar:/Users/meriemehabibena/.m2/repository/com/fasterxml/jackson/core/jackson-core/2.10.3/jackson-core-2.10.3.jar:/Users/meriemehabibena/.m2/repository/org/bouncycastle/bcpkix-jdk15on/1.64/bcpkix-jdk15on-1.64.jar:/Users/meriemehabibena/.m2/repository/org/bouncycastle/bcprov-jdk15on/1.64/bcprov-jdk15on-1.64.jar:/Users/meriemehabibena/.m2/repository/org/slf4j/jcl-over-slf4j/1.7.30/jcl-over-slf4j-1.7.30.jar:/Users/meriemehabibena/.m2/repository/com/github/docker-java/docker-java-transport-httpclient5/3.2.14/docker-java-transport-httpclient5-3.2.14.jar:/Users/meriemehabibena/.m2/repository/com/github/docker-java/docker-java-transport/3.2.14/docker-java-transport-3.2.14.jar:/Users/meriemehabibena/.m2/repository/net/java/dev/jna/jna/5.12.1/jna-5.12.1.jar:/Users/meriemehabibena/.m2/repository/org/brotli/dec/0.1.2/dec-0.1.2.jar:/Users/meriemehabibena/.m2/repository/org/apache/commons/commons-lang3/3.12.0/commons-lang3-3.12.0.jar:/Users/meriemehabibena/.m2/repository/org/apache/httpcomponents/client5/httpclient5/5.2.1/httpclient5-5.2.1.jar:/Users/meriemehabibena/.m2/repository/org/apache/httpcomponents/core5/httpcore5/5.2/httpcore5-5.2.jar:/Users/meriemehabibena/.m2/repository/org/apache/httpcomponents/core5/httpcore5-h2/5.2/httpcore5-h2-5.2.jar:/Users/meriemehabibena/.m2/repository/org/apache/poi/poi/5.2.3/poi-5.2.3.jar:/Users/meriemehabibena/.m2/repository/commons-codec/commons-codec/1.15/commons-codec-1.15.jar:/Users/meriemehabibena/.m2/repository/org/apache/commons/commons-collections4/4.4/commons-collections4-4.4.jar:/Users/meriemehabibena/.m2/repository/org/apache/commons/commons-math3/3.6.1/commons-math3-3.6.1.jar:/Users/meriemehabibena/.m2/repository/com/zaxxer/SparseBitSet/1.2/SparseBitSet-1.2.jar:/Users/meriemehabibena/.m2/repository/org/apache/logging/log4j/log4j-api/2.18.0/log4j-api-2.18.0.jar:/Users/meriemehabibena/.m2/repository/junit/junit/4.13.2/junit-4.13.2.jar:/Users/meriemehabibena/.m2/repository/org/hamcrest/hamcrest-core/1.3/hamcrest-core-1.3.jar:/Users/meriemehabibena/.m2/repository/org/apache/poi/poi-ooxml/5.2.3/poi-ooxml-5.2.3.jar:/Users/meriemehabibena/.m2/repository/org/apache/poi/poi-ooxml-lite/5.2.3/poi-ooxml-lite-5.2.3.jar:/Users/meriemehabibena/.m2/repository/org/apache/xmlbeans/xmlbeans/5.1.1/xmlbeans-5.1.1.jar:/Users/meriemehabibena/.m2/repository/org/apache/commons/commons-compress/1.21/commons-compress-1.21.jar:/Users/meriemehabibena/.m2/repository/com/github/virtuald/curvesapi/1.07/curvesapi-1.07.jar:/Users/meriemehabibena/.m2/repository/mysql/mysql-connector-java/8.0.30/mysql-connector-java-8.0.30.jar:/Users/meriemehabibena/.m2/repository/com/google/protobuf/protobuf-java/3.19.4/protobuf-java-3.19.4.jar:/Users/meriemehabibena/.m2/repository/commons-io/commons-io/2.11.0/commons-io-2.11.0.jar:/Users/meriemehabibena/.m2/repository/org/yaml/snakeyaml/1.33/snakeyaml-1.33.jar:/Users/meriemehabibena/.m2/repository/log4j/log4j/1.2.17/log4j-1.2.17.jar:/Users/meriemehabibena/.m2/repository/net/datafaker/datafaker/1.8.0/datafaker-1.8.0.jar:/Users/meriemehabibena/.m2/repository/com/github/mifmif/generex/1.0.2/generex-1.0.2.jar:/Users/meriemehabibena/.m2/repository/dk/brics/automaton/automaton/1.11-8/automaton-1.11-8.jar:"/>
    <property name="sun.cpu.endian" value="little"/>
    <property name="user.home" value="/Users/meriemehabibena"/>
    <property name="user.language" value="en"/>
    <property name="java.specification.vendor" value="Oracle Corporation"/>
    <property name="java.version.date" value="2022-08-12"/>
    <property name="java.home" value="/Users/meriemehabibena/.p2/pool/plugins/org.eclipse.justj.openjdk.hotspot.jre.full.macosx.x86_64_17.0.4.v20221004-1257/jre"/>
    <property name="file.separator" value="/"/>
    <property name="style.color" value="always"/>
    <property name="basedir" value="/Users/meriemehabibena/git/repository2/tek-bdd-framework"/>
    <property name="java.vm.compressedOopsMode" value="Zero based"/>
    <property name="line.separator" value="&#10;"/>
    <property name="java.vm.specification.vendor" value="Oracle Corporation"/>
    <property name="java.specification.name" value="Java Platform API Specification"/>
    <property name="surefire.real.class.path" value="/Users/meriemehabibena/git/repository2/tek-bdd-framework/target/surefire/surefirebooter-20230314155125054_3.jar"/>
    <property name="sun.management.compiler" value="HotSpot 64-Bit Tiered Compilers"/>
    <property name="ftp.nonProxyHosts" value="local|*.local|169.254/16|*.169.254/16"/>
    <property name="java.runtime.version" value="17.0.4.1+1"/>
    <property name="user.name" value="meriemehabibena"/>
    <property name="path.separator" value=":"/>
    <property name="os.version" value="12.5"/>
    <property name="java.runtime.name" value="OpenJDK Runtime Environment"/>
    <property name="file.encoding" value="UTF-8"/>
    <property name="java.vm.name" value="OpenJDK 64-Bit Server VM"/>
    <property name="java.vendor.version" value="Temurin-17.0.4.1+1"/>
    <property name="localRepository" value="/Users/meriemehabibena/.m2/repository"/>
    <property name="java.vendor.url.bug" value="https://github.com/adoptium/adoptium-support/issues"/>
    <property name="java.io.tmpdir" value="/var/folders/hy/806t40rx7w343xblz25klkc00000gn/T/"/>
    <property name="java.version" value="17.0.4.1"/>
    <property name="user.dir" value="/Users/meriemehabibena/git/repository2/tek-bdd-framework"/>
    <property name="os.arch" value="x86_64"/>
    <property name="java.vm.specification.name" value="Java Virtual Machine Specification"/>
    <property name="native.encoding" value="UTF-8"/>
    <property name="java.library.path" value="/Users/meriemehabibena/Library/Java/Extensions:/Library/Java/Extensions:/Network/Library/Java/Extensions:/System/Library/Java/Extensions:/usr/lib/java:."/>
    <property name="java.vm.info" value="mixed mode"/>
    <property name="java.vendor" value="Eclipse Adoptium"/>
    <property name="java.vm.version" value="17.0.4.1+1"/>
    <property name="sun.io.unicode.encoding" value="UnicodeBig"/>
    <property name="socksNonProxyHosts" value="local|*.local|169.254/16|*.169.254/16"/>
    <property name="java.class.version" value="61.0"/>
  </properties>
  <testcase name="Verify User can write a review on order placed" classname="Retail Order Page" time="19.248">
    <system-out><![CDATA[
@VerifyReview
Scenario: Verify User can write a review on order placed                         # features/retailOrder.feature:33
  Given User is on retail website                                                # tek.sdet.framework.steps.RetailHomeSteps.userIsOnRetailWebsite()
  When User click on Sign in option                                              # tek.sdet.framework.steps.SignInSteps.userClickOnSignInOption()
  And User enter email 'habibena111@hotmail.com' and password 'Ahmed2496$'       # tek.sdet.framework.steps.SignInSteps.userEnterEmailAndPassword(java.lang.String,java.lang.String)
  And User click on login button                                                 # tek.sdet.framework.steps.SignInSteps.userClickOnLoginButton()
  And User should be logged in into Account                                      # tek.sdet.framework.steps.SignInSteps.userShouldBeLoggedInIntoAccount()
  And User click on Orders section                                               # tek.sdet.framework.steps.RetailOrderSteps.user_click_on_orders_section()
  And User click on first order in list                                          # tek.sdet.framework.steps.RetailOrderSteps.user_click_on_first_order_in_list()
  And User click on Review button                                                # tek.sdet.framework.steps.RetailOrderSteps.user_click_on_review_button()
  And User write Review headline  'Best Product' and 'happy'                     # tek.sdet.framework.steps.RetailOrderSteps.user_write_review_headline_and(java.lang.String,java.lang.String)
  And User click Add your Review button                                          # tek.sdet.framework.steps.RetailOrderSteps.user_click_add_your_review_button()
  Then a review message should be displayed ‘Your review was added successfully’ # tek.sdet.framework.steps.RetailOrderSteps.a_review_message_should_be_displayed_your_review_was_added_successfully()
]]></system-out>
    <system-err><![CDATA[SLF4J: No SLF4J providers were found.
SLF4J: Defaulting to no-operation (NOP) logger implementation
SLF4J: See https://www.slf4j.org/codes.html#noProviders for further details.
ERROR StatusLogger Log4j2 could not find a logging implementation. Please add log4j-core to the classpath. Using SimpleLogger to log to the console...
1678823488669	geckodriver	INFO	Listening on 127.0.0.1:44501
1678823489209	mozrunner::runner	INFO	Running command: "/Applications/Firefox.app/Contents/MacOS/firefox-bin" "--marionette" "--remote-debugging-port" "17539" "--r ... /[::1]:17539/" "-foreground" "-no-remote" "-profile" "/var/folders/hy/806t40rx7w343xblz25klkc00000gn/T/rust_mozprofilezZqWEA"
console.warn: services.settings: Ignoring preference override of remote settings server
console.warn: services.settings: Allow by setting MOZ_REMOTE_SETTINGS_DEVTOOLS=1 in the environment
1678823490127	Marionette	INFO	Marionette enabled
1678823490278	Marionette	INFO	Listening on port 55336
Read port: 55336
console.error: "Warning: unrecognized command line flag -remote-allow-hosts\n"
console.error: "Warning: unrecognized command line flag -remote-allow-origins\n"
2023-03-14 15:51:30.399 plugin-container[26840:2103762] nil host used in call to allowsSpecificHTTPSCertificateForHost
2023-03-14 15:51:30.400 plugin-container[26840:2103762] nil host used in call to allowsAnyHTTPSCertificateForHost:
2023-03-14 15:51:30.410 plugin-container[26840:2103762] nil host used in call to allowsSpecificHTTPSCertificateForHost
2023-03-14 15:51:30.410 plugin-container[26840:2103762] nil host used in call to allowsAnyHTTPSCertificateForHost:
2023-03-14 15:51:30.413 plugin-container[26840:2103760] nil host used in call to allowsSpecificHTTPSCertificateForHost
2023-03-14 15:51:30.413 plugin-container[26840:2103760] nil host used in call to allowsAnyHTTPSCertificateForHost:
WebDriver BiDi listening on ws://127.0.0.1:17539
1678823490923	RemoteAgent	WARN	TLS certificate errors will be ignored for this session
console.warn: SearchSettings: "get: No settings file exists, new profile?" (new NotFoundError("Could not open the file at /var/folders/hy/806t40rx7w343xblz25klkc00000gn/T/rust_mozprofilezZqWEA/search.json.mozlz4", (void 0)))
DevTools listening on ws://127.0.0.1:17539/devtools/browser/e04b4d30-8eb4-4c6a-8a71-b81474c9eead
Mar 14, 2023 3:51:35 PM tek.sdet.framework.steps.RetailHomeSteps userIsOnRetailWebsite
INFO: user is on retail website
Mar 14, 2023 3:51:35 PM tek.sdet.framework.steps.RetailHomeSteps userIsOnRetailWebsite
INFO: Actual Title React App Equals  ExpectedTitle React App
Mar 14, 2023 3:51:36 PM tek.sdet.framework.steps.SignInSteps userClickOnSignInOption
INFO: User clicked on Sign in Option
Mar 14, 2023 3:51:36 PM tek.sdet.framework.steps.SignInSteps userEnterEmailAndPassword
INFO: user entered email habibena111@hotmail.com and password Ahmed2496$
console.warn: LoginRecipes: "Falling back to a synchronous message for: https://tek-retail-ui.azurewebsites.net."
Mar 14, 2023 3:51:37 PM tek.sdet.framework.steps.SignInSteps userClickOnLoginButton
INFO: user clicked on login button
console.warn: LoginRecipes: "Falling back to a synchronous message for: https://tek-retail-ui.azurewebsites.net."
Mar 14, 2023 3:51:44 PM tek.sdet.framework.steps.RetailOrderSteps a_review_message_should_be_displayed_your_review_was_added_successfully
INFO: Your review was added successfully
1678823505183	RemoteAgent	INFO	Perform WebSocket upgrade for incoming connection from 127.0.0.1:55388
1678823505188	CDP	ERROR	Invalid browser preferences for CDP. Set "fission.webContentIsolationStrategy"to 0 and "fission.bfcacheInParent" to false before Firefox starts.
1678823505237	Marionette	INFO	Stopped listening on port 55336
]]></system-err>
  </testcase>
</testsuite>